  MetaProgrammingLab.cpp
C:\Users\Mikael\source\Repos\MetaProgramingLab\MetaProgrammingLab\MetaProgrammingLab.cpp(9,5): error C3861: 'AddFun': identifier not found
C:\Users\Mikael\source\Repos\MetaProgramingLab\MetaProgrammingLab\Add.hpp(17,1): fatal  error C1202: recursive type or function dependency context too complex
C:\Users\Mikael\source\Repos\MetaProgramingLab\MetaProgrammingLab\Add.hpp(17,38): message : see reference to class template instantiation 'Add<-496,504>' being compiled
C:\Users\Mikael\source\Repos\MetaProgramingLab\MetaProgrammingLab\Add.hpp(17,38): message : see reference to class template instantiation 'Add<-495,503>' being compiled
C:\Users\Mikael\source\Repos\MetaProgramingLab\MetaProgrammingLab\Add.hpp(17,38): message : see reference to class template instantiation 'Add<-494,502>' being compiled
C:\Users\Mikael\source\Repos\MetaProgramingLab\MetaProgrammingLab\Add.hpp(17,38): message : see reference to class template instantiation 'Add<-493,501>' being compiled
C:\Users\Mikael\source\Repos\MetaProgramingLab\MetaProgrammingLab\Add.hpp(17,38): message : see reference to class template instantiation 'Add<-492,500>' being compiled
C:\Users\Mikael\source\Repos\MetaProgramingLab\MetaProgrammingLab\Add.hpp(17,38): message : see reference to class template instantiation 'Add<-491,499>' being compiled
C:\Users\Mikael\source\Repos\MetaProgramingLab\MetaProgrammingLab\Add.hpp(17,38): message : see reference to class template instantiation 'Add<-490,498>' being compiled
C:\Users\Mikael\source\Repos\MetaProgramingLab\MetaProgrammingLab\Add.hpp(17,38): message : see reference to class template instantiation 'Add<-489,497>' being compiled
C:\Users\Mikael\source\Repos\MetaProgramingLab\MetaProgrammingLab\Add.hpp(17,38): message : see reference to class template instantiation 'Add<-488,496>' being compiled
C:\Users\Mikael\source\Repos\MetaProgramingLab\MetaProgrammingLab\Add.hpp(17,38): message : see reference to class template instantiation 'Add<-487,495>' being compiled
C:\Users\Mikael\source\Repos\MetaProgramingLab\MetaProgrammingLab\Add.hpp(17,38): message : see reference to class template instantiation 'Add<-486,494>' being compiled
C:\Users\Mikael\source\Repos\MetaProgramingLab\MetaProgrammingLab\Add.hpp(17,38): message : see reference to class template instantiation 'Add<-485,493>' being compiled
C:\Users\Mikael\source\Repos\MetaProgramingLab\MetaProgrammingLab\Add.hpp(17,38): message : see reference to class template instantiation 'Add<-484,492>' being compiled
C:\Users\Mikael\source\Repos\MetaProgramingLab\MetaProgrammingLab\Add.hpp(17,38): message : see reference to class template instantiation 'Add<-483,491>' being compiled
C:\Users\Mikael\source\Repos\MetaProgramingLab\MetaProgrammingLab\Add.hpp(17,38): message : see reference to class template instantiation 'Add<-482,490>' being compiled
C:\Users\Mikael\source\Repos\MetaProgramingLab\MetaProgrammingLab\Add.hpp(17,38): message : see reference to class template instantiation 'Add<-481,489>' being compiled
C:\Users\Mikael\source\Repos\MetaProgramingLab\MetaProgrammingLab\Add.hpp(17,38): message : see reference to class template instantiation 'Add<-480,488>' being compiled
C:\Users\Mikael\source\Repos\MetaProgramingLab\MetaProgrammingLab\Add.hpp(17,38): message : see reference to class template instantiation 'Add<-479,487>' being compiled
C:\Users\Mikael\source\Repos\MetaProgramingLab\MetaProgrammingLab\Add.hpp(17,38): message : see reference to class template instantiation 'Add<-478,486>' being compiled
C:\Users\Mikael\source\Repos\MetaProgramingLab\MetaProgrammingLab\Add.hpp(17,38): message : see reference to class template instantiation 'Add<-477,485>' being compiled
C:\Users\Mikael\source\Repos\MetaProgramingLab\MetaProgrammingLab\Add.hpp(17,38): message : see reference to class template instantiation 'Add<-476,484>' being compiled
C:\Users\Mikael\source\Repos\MetaProgramingLab\MetaProgrammingLab\Add.hpp(17,38): message : see reference to class template instantiation 'Add<-475,483>' being compiled
C:\Users\Mikael\source\Repos\MetaProgramingLab\MetaProgrammingLab\Add.hpp(17,38): message : see reference to class template instantiation 'Add<-474,482>' being compiled
C:\Users\Mikael\source\Repos\MetaProgramingLab\MetaProgrammingLab\Add.hpp(17,38): message : see reference to class template instantiation 'Add<-473,481>' being compiled
C:\Users\Mikael\source\Repos\MetaProgramingLab\MetaProgrammingLab\Add.hpp(17,38): message : see reference to class template instantiation 'Add<-472,480>' being compiled
C:\Users\Mikael\source\Repos\MetaProgramingLab\MetaProgrammingLab\Add.hpp(17,38): message : see reference to class template instantiation 'Add<-471,479>' being compiled
C:\Users\Mikael\source\Repos\MetaProgramingLab\MetaProgrammingLab\Add.hpp(17,38): message : see reference to class template instantiation 'Add<-470,478>' being compiled
C:\Users\Mikael\source\Repos\MetaProgramingLab\MetaProgrammingLab\Add.hpp(17,38): message : see reference to class template instantiation 'Add<-469,477>' being compiled
C:\Users\Mikael\source\Repos\MetaProgramingLab\MetaProgrammingLab\Add.hpp(17,38): message : see reference to class template instantiation 'Add<-468,476>' being compiled
C:\Users\Mikael\source\Repos\MetaProgramingLab\MetaProgrammingLab\Add.hpp(17,38): message : see reference to class template instantiation 'Add<-467,475>' being compiled
C:\Users\Mikael\source\Repos\MetaProgramingLab\MetaProgrammingLab\Add.hpp(17,38): message : see reference to class template instantiation 'Add<-466,474>' being compiled
C:\Users\Mikael\source\Repos\MetaProgramingLab\MetaProgrammingLab\Add.hpp(17,38): message : see reference to class template instantiation 'Add<-465,473>' being compiled
C:\Users\Mikael\source\Repos\MetaProgramingLab\MetaProgrammingLab\Add.hpp(17,38): message : see reference to class template instantiation 'Add<-464,472>' being compiled
C:\Users\Mikael\source\Repos\MetaProgramingLab\MetaProgrammingLab\Add.hpp(17,38): message : see reference to class template instantiation 'Add<-463,471>' being compiled
C:\Users\Mikael\source\Repos\MetaProgramingLab\MetaProgrammingLab\Add.hpp(17,38): message : see reference to class template instantiation 'Add<-462,470>' being compiled
C:\Users\Mikael\source\Repos\MetaProgramingLab\MetaProgrammingLab\Add.hpp(17,38): message : see reference to class template instantiation 'Add<-461,469>' being compiled
C:\Users\Mikael\source\Repos\MetaProgramingLab\MetaProgrammingLab\Add.hpp(17,38): message : see reference to class template instantiation 'Add<-460,468>' being compiled
C:\Users\Mikael\source\Repos\MetaProgramingLab\MetaProgrammingLab\Add.hpp(17,38): message : see reference to class template instantiation 'Add<-459,467>' being compiled
C:\Users\Mikael\source\Repos\MetaProgramingLab\MetaProgrammingLab\Add.hpp(17,38): message : see reference to class template instantiation 'Add<-458,466>' being compiled
C:\Users\Mikael\source\Repos\MetaProgramingLab\MetaProgrammingLab\Add.hpp(17,38): message : see reference to class template instantiation 'Add<-457,465>' being compiled
C:\Users\Mikael\source\Repos\MetaProgramingLab\MetaProgrammingLab\Add.hpp(17,38): message : see reference to class template instantiation 'Add<-456,464>' being compiled
C:\Users\Mikael\source\Repos\MetaProgramingLab\MetaProgrammingLab\Add.hpp(17,38): message : see reference to class template instantiation 'Add<-455,463>' being compiled
C:\Users\Mikael\source\Repos\MetaProgramingLab\MetaProgrammingLab\Add.hpp(17,38): message : see reference to class template instantiation 'Add<-454,462>' being compiled
C:\Users\Mikael\source\Repos\MetaProgramingLab\MetaProgrammingLab\Add.hpp(17,38): message : see reference to class template instantiation 'Add<-453,461>' being compiled
C:\Users\Mikael\source\Repos\MetaProgramingLab\MetaProgrammingLab\Add.hpp(17,38): message : see reference to class template instantiation 'Add<-452,460>' being compiled
C:\Users\Mikael\source\Repos\MetaProgramingLab\MetaProgrammingLab\Add.hpp(17,38): message : see reference to class template instantiation 'Add<-451,459>' being compiled
C:\Users\Mikael\source\Repos\MetaProgramingLab\MetaProgrammingLab\Add.hpp(17,38): message : see reference to class template instantiation 'Add<-450,458>' being compiled
C:\Users\Mikael\source\Repos\MetaProgramingLab\MetaProgrammingLab\Add.hpp(17,38): message : see reference to class template instantiation 'Add<-449,457>' being compiled
C:\Users\Mikael\source\Repos\MetaProgramingLab\MetaProgrammingLab\Add.hpp(17,38): message : see reference to class template instantiation 'Add<-448,456>' being compiled
C:\Users\Mikael\source\Repos\MetaProgramingLab\MetaProgrammingLab\Add.hpp(17,38): message : see reference to class template instantiation 'Add<-447,455>' being compiled
C:\Users\Mikael\source\Repos\MetaProgramingLab\MetaProgrammingLab\Add.hpp(17,38): message : see reference to class template instantiation 'Add<-446,454>' being compiled
C:\Users\Mikael\source\Repos\MetaProgramingLab\MetaProgrammingLab\Add.hpp(17,38): message : see reference to class template instantiation 'Add<-445,453>' being compiled
C:\Users\Mikael\source\Repos\MetaProgramingLab\MetaProgrammingLab\Add.hpp(17,38): message : see reference to class template instantiation 'Add<-444,452>' being compiled
C:\Users\Mikael\source\Repos\MetaProgramingLab\MetaProgrammingLab\Add.hpp(17,38): message : see reference to class template instantiation 'Add<-443,451>' being compiled
C:\Users\Mikael\source\Repos\MetaProgramingLab\MetaProgrammingLab\Add.hpp(17,38): message : see reference to class template instantiation 'Add<-442,450>' being compiled
C:\Users\Mikael\source\Repos\MetaProgramingLab\MetaProgrammingLab\Add.hpp(17,38): message : see reference to class template instantiation 'Add<-441,449>' being compiled
C:\Users\Mikael\source\Repos\MetaProgramingLab\MetaProgrammingLab\Add.hpp(17,38): message : see reference to class template instantiation 'Add<-440,448>' being compiled
C:\Users\Mikael\source\Repos\MetaProgramingLab\MetaProgrammingLab\Add.hpp(17,38): message : see reference to class template instantiation 'Add<-439,447>' being compiled
C:\Users\Mikael\source\Repos\MetaProgramingLab\MetaProgrammingLab\Add.hpp(17,38): message : see reference to class template instantiation 'Add<-438,446>' being compiled
C:\Users\Mikael\source\Repos\MetaProgramingLab\MetaProgrammingLab\Add.hpp(17,38): message : see reference to class template instantiation 'Add<-437,445>' being compiled
C:\Users\Mikael\source\Repos\MetaProgramingLab\MetaProgrammingLab\Add.hpp(17,38): message : see reference to class template instantiation 'Add<-436,444>' being compiled
C:\Users\Mikael\source\Repos\MetaProgramingLab\MetaProgrammingLab\Add.hpp(17,38): message : see reference to class template instantiation 'Add<-435,443>' being compiled
C:\Users\Mikael\source\Repos\MetaProgramingLab\MetaProgrammingLab\Add.hpp(17,38): message : see reference to class template instantiation 'Add<-434,442>' being compiled
C:\Users\Mikael\source\Repos\MetaProgramingLab\MetaProgrammingLab\Add.hpp(17,38): message : see reference to class template instantiation 'Add<-433,441>' being compiled
C:\Users\Mikael\source\Repos\MetaProgramingLab\MetaProgrammingLab\Add.hpp(17,38): message : see reference to class template instantiation 'Add<-432,440>' being compiled
C:\Users\Mikael\source\Repos\MetaProgramingLab\MetaProgrammingLab\Add.hpp(17,38): message : see reference to class template instantiation 'Add<-431,439>' being compiled
C:\Users\Mikael\source\Repos\MetaProgramingLab\MetaProgrammingLab\Add.hpp(17,38): message : see reference to class template instantiation 'Add<-430,438>' being compiled
C:\Users\Mikael\source\Repos\MetaProgramingLab\MetaProgrammingLab\Add.hpp(17,38): message : see reference to class template instantiation 'Add<-429,437>' being compiled
C:\Users\Mikael\source\Repos\MetaProgramingLab\MetaProgrammingLab\Add.hpp(17,38): message : see reference to class template instantiation 'Add<-428,436>' being compiled
C:\Users\Mikael\source\Repos\MetaProgramingLab\MetaProgrammingLab\Add.hpp(17,38): message : see reference to class template instantiation 'Add<-427,435>' being compiled
C:\Users\Mikael\source\Repos\MetaProgramingLab\MetaProgrammingLab\Add.hpp(17,38): message : see reference to class template instantiation 'Add<-426,434>' being compiled
C:\Users\Mikael\source\Repos\MetaProgramingLab\MetaProgrammingLab\Add.hpp(17,38): message : see reference to class template instantiation 'Add<-425,433>' being compiled
C:\Users\Mikael\source\Repos\MetaProgramingLab\MetaProgrammingLab\Add.hpp(17,38): message : see reference to class template instantiation 'Add<-424,432>' being compiled
C:\Users\Mikael\source\Repos\MetaProgramingLab\MetaProgrammingLab\Add.hpp(17,38): message : see reference to class template instantiation 'Add<-423,431>' being compiled
C:\Users\Mikael\source\Repos\MetaProgramingLab\MetaProgrammingLab\Add.hpp(17,38): message : see reference to class template instantiation 'Add<-422,430>' being compiled
C:\Users\Mikael\source\Repos\MetaProgramingLab\MetaProgrammingLab\Add.hpp(17,38): message : see reference to class template instantiation 'Add<-421,429>' being compiled
C:\Users\Mikael\source\Repos\MetaProgramingLab\MetaProgrammingLab\Add.hpp(17,38): message : see reference to class template instantiation 'Add<-420,428>' being compiled
C:\Users\Mikael\source\Repos\MetaProgramingLab\MetaProgrammingLab\Add.hpp(17,38): message : see reference to class template instantiation 'Add<-419,427>' being compiled
C:\Users\Mikael\source\Repos\MetaProgramingLab\MetaProgrammingLab\Add.hpp(17,38): message : see reference to class template instantiation 'Add<-418,426>' being compiled
C:\Users\Mikael\source\Repos\MetaProgramingLab\MetaProgrammingLab\Add.hpp(17,38): message : see reference to class template instantiation 'Add<-417,425>' being compiled
C:\Users\Mikael\source\Repos\MetaProgramingLab\MetaProgrammingLab\Add.hpp(17,38): message : see reference to class template instantiation 'Add<-416,424>' being compiled
C:\Users\Mikael\source\Repos\MetaProgramingLab\MetaProgrammingLab\Add.hpp(17,38): message : see reference to class template instantiation 'Add<-415,423>' being compiled
C:\Users\Mikael\source\Repos\MetaProgramingLab\MetaProgrammingLab\Add.hpp(17,38): message : see reference to class template instantiation 'Add<-414,422>' being compiled
C:\Users\Mikael\source\Repos\MetaProgramingLab\MetaProgrammingLab\Add.hpp(17,38): message : see reference to class template instantiation 'Add<-413,421>' being compiled
C:\Users\Mikael\source\Repos\MetaProgramingLab\MetaProgrammingLab\Add.hpp(17,38): message : see reference to class template instantiation 'Add<-412,420>' being compiled
C:\Users\Mikael\source\Repos\MetaProgramingLab\MetaProgrammingLab\Add.hpp(17,38): message : see reference to class template instantiation 'Add<-411,419>' being compiled
C:\Users\Mikael\source\Repos\MetaProgramingLab\MetaProgrammingLab\Add.hpp(17,38): message : see reference to class template instantiation 'Add<-410,418>' being compiled
C:\Users\Mikael\source\Repos\MetaProgramingLab\MetaProgrammingLab\Add.hpp(17,38): message : see reference to class template instantiation 'Add<-409,417>' being compiled
C:\Users\Mikael\source\Repos\MetaProgramingLab\MetaProgrammingLab\Add.hpp(17,38): message : see reference to class template instantiation 'Add<-408,416>' being compiled
C:\Users\Mikael\source\Repos\MetaProgramingLab\MetaProgrammingLab\Add.hpp(17,38): message : see reference to class template instantiation 'Add<-407,415>' being compiled
C:\Users\Mikael\source\Repos\MetaProgramingLab\MetaProgrammingLab\Add.hpp(17,38): message : see reference to class template instantiation 'Add<-406,414>' being compiled
C:\Users\Mikael\source\Repos\MetaProgramingLab\MetaProgrammingLab\Add.hpp(17,38): message : see reference to class template instantiation 'Add<-405,413>' being compiled
C:\Users\Mikael\source\Repos\MetaProgramingLab\MetaProgrammingLab\Add.hpp(17,38): message : see reference to class template instantiation 'Add<-404,412>' being compiled
C:\Users\Mikael\source\Repos\MetaProgramingLab\MetaProgrammingLab\Add.hpp(17,38): message : see reference to class template instantiation 'Add<-403,411>' being compiled
C:\Users\Mikael\source\Repos\MetaProgramingLab\MetaProgrammingLab\Add.hpp(17,38): message : see reference to class template instantiation 'Add<-402,410>' being compiled
C:\Users\Mikael\source\Repos\MetaProgramingLab\MetaProgrammingLab\Add.hpp(17,38): message : see reference to class template instantiation 'Add<-401,409>' being compiled
C:\Users\Mikael\source\Repos\MetaProgramingLab\MetaProgrammingLab\Add.hpp(17,38): message : see reference to class template instantiation 'Add<-400,408>' being compiled
C:\Users\Mikael\source\Repos\MetaProgramingLab\MetaProgrammingLab\Add.hpp(17,38): message : see reference to class template instantiation 'Add<-399,407>' being compiled
C:\Users\Mikael\source\Repos\MetaProgramingLab\MetaProgrammingLab\Add.hpp(17,38): message : see reference to class template instantiation 'Add<-398,406>' being compiled
C:\Users\Mikael\source\Repos\MetaProgramingLab\MetaProgrammingLab\Add.hpp(17,38): message : see reference to class template instantiation 'Add<-397,405>' being compiled
C:\Users\Mikael\source\Repos\MetaProgramingLab\MetaProgrammingLab\Add.hpp(17,38): message : see reference to class template instantiation 'Add<-396,404>' being compiled
C:\Users\Mikael\source\Repos\MetaProgramingLab\MetaProgrammingLab\Add.hpp(17,38): message : see reference to class template instantiation 'Add<-395,403>' being compiled
C:\Users\Mikael\source\Repos\MetaProgramingLab\MetaProgrammingLab\Add.hpp(17,38): message : see reference to class template instantiation 'Add<-394,402>' being compiled
C:\Users\Mikael\source\Repos\MetaProgramingLab\MetaProgrammingLab\Add.hpp(17,38): message : see reference to class template instantiation 'Add<-393,401>' being compiled
C:\Users\Mikael\source\Repos\MetaProgramingLab\MetaProgrammingLab\Add.hpp(17,38): message : see reference to class template instantiation 'Add<-392,400>' being compiled
C:\Users\Mikael\source\Repos\MetaProgramingLab\MetaProgrammingLab\Add.hpp(17,38): message : see reference to class template instantiation 'Add<-391,399>' being compiled
C:\Users\Mikael\source\Repos\MetaProgramingLab\MetaProgrammingLab\Add.hpp(17,38): message : see reference to class template instantiation 'Add<-390,398>' being compiled
C:\Users\Mikael\source\Repos\MetaProgramingLab\MetaProgrammingLab\Add.hpp(17,38): message : see reference to class template instantiation 'Add<-389,397>' being compiled
C:\Users\Mikael\source\Repos\MetaProgramingLab\MetaProgrammingLab\Add.hpp(17,38): message : see reference to class template instantiation 'Add<-388,396>' being compiled
C:\Users\Mikael\source\Repos\MetaProgramingLab\MetaProgrammingLab\Add.hpp(17,38): message : see reference to class template instantiation 'Add<-387,395>' being compiled
C:\Users\Mikael\source\Repos\MetaProgramingLab\MetaProgrammingLab\Add.hpp(17,38): message : see reference to class template instantiation 'Add<-386,394>' being compiled
C:\Users\Mikael\source\Repos\MetaProgramingLab\MetaProgrammingLab\Add.hpp(17,38): message : see reference to class template instantiation 'Add<-385,393>' being compiled
C:\Users\Mikael\source\Repos\MetaProgramingLab\MetaProgrammingLab\Add.hpp(17,38): message : see reference to class template instantiation 'Add<-384,392>' being compiled
C:\Users\Mikael\source\Repos\MetaProgramingLab\MetaProgrammingLab\Add.hpp(17,38): message : see reference to class template instantiation 'Add<-383,391>' being compiled
C:\Users\Mikael\source\Repos\MetaProgramingLab\MetaProgrammingLab\Add.hpp(17,38): message : see reference to class template instantiation 'Add<-382,390>' being compiled
C:\Users\Mikael\source\Repos\MetaProgramingLab\MetaProgrammingLab\Add.hpp(17,38): message : see reference to class template instantiation 'Add<-381,389>' being compiled
C:\Users\Mikael\source\Repos\MetaProgramingLab\MetaProgrammingLab\Add.hpp(17,38): message : see reference to class template instantiation 'Add<-380,388>' being compiled
C:\Users\Mikael\source\Repos\MetaProgramingLab\MetaProgrammingLab\Add.hpp(17,38): message : see reference to class template instantiation 'Add<-379,387>' being compiled
C:\Users\Mikael\source\Repos\MetaProgramingLab\MetaProgrammingLab\Add.hpp(17,38): message : see reference to class template instantiation 'Add<-378,386>' being compiled
C:\Users\Mikael\source\Repos\MetaProgramingLab\MetaProgrammingLab\Add.hpp(17,38): message : see reference to class template instantiation 'Add<-377,385>' being compiled
C:\Users\Mikael\source\Repos\MetaProgramingLab\MetaProgrammingLab\Add.hpp(17,38): message : see reference to class template instantiation 'Add<-376,384>' being compiled
C:\Users\Mikael\source\Repos\MetaProgramingLab\MetaProgrammingLab\Add.hpp(17,38): message : see reference to class template instantiation 'Add<-375,383>' being compiled
C:\Users\Mikael\source\Repos\MetaProgramingLab\MetaProgrammingLab\Add.hpp(17,38): message : see reference to class template instantiation 'Add<-374,382>' being compiled
C:\Users\Mikael\source\Repos\MetaProgramingLab\MetaProgrammingLab\Add.hpp(17,38): message : see reference to class template instantiation 'Add<-373,381>' being compiled
C:\Users\Mikael\source\Repos\MetaProgramingLab\MetaProgrammingLab\Add.hpp(17,38): message : see reference to class template instantiation 'Add<-372,380>' being compiled
C:\Users\Mikael\source\Repos\MetaProgramingLab\MetaProgrammingLab\Add.hpp(17,38): message : see reference to class template instantiation 'Add<-371,379>' being compiled
C:\Users\Mikael\source\Repos\MetaProgramingLab\MetaProgrammingLab\Add.hpp(17,38): message : see reference to class template instantiation 'Add<-370,378>' being compiled
C:\Users\Mikael\source\Repos\MetaProgramingLab\MetaProgrammingLab\Add.hpp(17,38): message : see reference to class template instantiation 'Add<-369,377>' being compiled
C:\Users\Mikael\source\Repos\MetaProgramingLab\MetaProgrammingLab\Add.hpp(17,38): message : see reference to class template instantiation 'Add<-368,376>' being compiled
C:\Users\Mikael\source\Repos\MetaProgramingLab\MetaProgrammingLab\Add.hpp(17,38): message : see reference to class template instantiation 'Add<-367,375>' being compiled
C:\Users\Mikael\source\Repos\MetaProgramingLab\MetaProgrammingLab\Add.hpp(17,38): message : see reference to class template instantiation 'Add<-366,374>' being compiled
C:\Users\Mikael\source\Repos\MetaProgramingLab\MetaProgrammingLab\Add.hpp(17,38): message : see reference to class template instantiation 'Add<-365,373>' being compiled
C:\Users\Mikael\source\Repos\MetaProgramingLab\MetaProgrammingLab\Add.hpp(17,38): message : see reference to class template instantiation 'Add<-364,372>' being compiled
C:\Users\Mikael\source\Repos\MetaProgramingLab\MetaProgrammingLab\Add.hpp(17,38): message : see reference to class template instantiation 'Add<-363,371>' being compiled
C:\Users\Mikael\source\Repos\MetaProgramingLab\MetaProgrammingLab\Add.hpp(17,38): message : see reference to class template instantiation 'Add<-362,370>' being compiled
C:\Users\Mikael\source\Repos\MetaProgramingLab\MetaProgrammingLab\Add.hpp(17,38): message : see reference to class template instantiation 'Add<-361,369>' being compiled
C:\Users\Mikael\source\Repos\MetaProgramingLab\MetaProgrammingLab\Add.hpp(17,38): message : see reference to class template instantiation 'Add<-360,368>' being compiled
C:\Users\Mikael\source\Repos\MetaProgramingLab\MetaProgrammingLab\Add.hpp(17,38): message : see reference to class template instantiation 'Add<-359,367>' being compiled
C:\Users\Mikael\source\Repos\MetaProgramingLab\MetaProgrammingLab\Add.hpp(17,38): message : see reference to class template instantiation 'Add<-358,366>' being compiled
C:\Users\Mikael\source\Repos\MetaProgramingLab\MetaProgrammingLab\Add.hpp(17,38): message : see reference to class template instantiation 'Add<-357,365>' being compiled
C:\Users\Mikael\source\Repos\MetaProgramingLab\MetaProgrammingLab\Add.hpp(17,38): message : see reference to class template instantiation 'Add<-356,364>' being compiled
C:\Users\Mikael\source\Repos\MetaProgramingLab\MetaProgrammingLab\Add.hpp(17,38): message : see reference to class template instantiation 'Add<-355,363>' being compiled
C:\Users\Mikael\source\Repos\MetaProgramingLab\MetaProgrammingLab\Add.hpp(17,38): message : see reference to class template instantiation 'Add<-354,362>' being compiled
C:\Users\Mikael\source\Repos\MetaProgramingLab\MetaProgrammingLab\Add.hpp(17,38): message : see reference to class template instantiation 'Add<-353,361>' being compiled
C:\Users\Mikael\source\Repos\MetaProgramingLab\MetaProgrammingLab\Add.hpp(17,38): message : see reference to class template instantiation 'Add<-352,360>' being compiled
C:\Users\Mikael\source\Repos\MetaProgramingLab\MetaProgrammingLab\Add.hpp(17,38): message : see reference to class template instantiation 'Add<-351,359>' being compiled
C:\Users\Mikael\source\Repos\MetaProgramingLab\MetaProgrammingLab\Add.hpp(17,38): message : see reference to class template instantiation 'Add<-350,358>' being compiled
C:\Users\Mikael\source\Repos\MetaProgramingLab\MetaProgrammingLab\Add.hpp(17,38): message : see reference to class template instantiation 'Add<-349,357>' being compiled
C:\Users\Mikael\source\Repos\MetaProgramingLab\MetaProgrammingLab\Add.hpp(17,38): message : see reference to class template instantiation 'Add<-348,356>' being compiled
C:\Users\Mikael\source\Repos\MetaProgramingLab\MetaProgrammingLab\Add.hpp(17,38): message : see reference to class template instantiation 'Add<-347,355>' being compiled
C:\Users\Mikael\source\Repos\MetaProgramingLab\MetaProgrammingLab\Add.hpp(17,38): message : see reference to class template instantiation 'Add<-346,354>' being compiled
C:\Users\Mikael\source\Repos\MetaProgramingLab\MetaProgrammingLab\Add.hpp(17,38): message : see reference to class template instantiation 'Add<-345,353>' being compiled
C:\Users\Mikael\source\Repos\MetaProgramingLab\MetaProgrammingLab\Add.hpp(17,38): message : see reference to class template instantiation 'Add<-344,352>' being compiled
C:\Users\Mikael\source\Repos\MetaProgramingLab\MetaProgrammingLab\Add.hpp(17,38): message : see reference to class template instantiation 'Add<-343,351>' being compiled
C:\Users\Mikael\source\Repos\MetaProgramingLab\MetaProgrammingLab\Add.hpp(17,38): message : see reference to class template instantiation 'Add<-342,350>' being compiled
C:\Users\Mikael\source\Repos\MetaProgramingLab\MetaProgrammingLab\Add.hpp(17,38): message : see reference to class template instantiation 'Add<-341,349>' being compiled
C:\Users\Mikael\source\Repos\MetaProgramingLab\MetaProgrammingLab\Add.hpp(17,38): message : see reference to class template instantiation 'Add<-340,348>' being compiled
C:\Users\Mikael\source\Repos\MetaProgramingLab\MetaProgrammingLab\Add.hpp(17,38): message : see reference to class template instantiation 'Add<-339,347>' being compiled
C:\Users\Mikael\source\Repos\MetaProgramingLab\MetaProgrammingLab\Add.hpp(17,38): message : see reference to class template instantiation 'Add<-338,346>' being compiled
C:\Users\Mikael\source\Repos\MetaProgramingLab\MetaProgrammingLab\Add.hpp(17,38): message : see reference to class template instantiation 'Add<-337,345>' being compiled
C:\Users\Mikael\source\Repos\MetaProgramingLab\MetaProgrammingLab\Add.hpp(17,38): message : see reference to class template instantiation 'Add<-336,344>' being compiled
C:\Users\Mikael\source\Repos\MetaProgramingLab\MetaProgrammingLab\Add.hpp(17,38): message : see reference to class template instantiation 'Add<-335,343>' being compiled
C:\Users\Mikael\source\Repos\MetaProgramingLab\MetaProgrammingLab\Add.hpp(17,38): message : see reference to class template instantiation 'Add<-334,342>' being compiled
C:\Users\Mikael\source\Repos\MetaProgramingLab\MetaProgrammingLab\Add.hpp(17,38): message : see reference to class template instantiation 'Add<-333,341>' being compiled
C:\Users\Mikael\source\Repos\MetaProgramingLab\MetaProgrammingLab\Add.hpp(17,38): message : see reference to class template instantiation 'Add<-332,340>' being compiled
C:\Users\Mikael\source\Repos\MetaProgramingLab\MetaProgrammingLab\Add.hpp(17,38): message : see reference to class template instantiation 'Add<-331,339>' being compiled
C:\Users\Mikael\source\Repos\MetaProgramingLab\MetaProgrammingLab\Add.hpp(17,38): message : see reference to class template instantiation 'Add<-330,338>' being compiled
C:\Users\Mikael\source\Repos\MetaProgramingLab\MetaProgrammingLab\Add.hpp(17,38): message : see reference to class template instantiation 'Add<-329,337>' being compiled
C:\Users\Mikael\source\Repos\MetaProgramingLab\MetaProgrammingLab\Add.hpp(17,38): message : see reference to class template instantiation 'Add<-328,336>' being compiled
C:\Users\Mikael\source\Repos\MetaProgramingLab\MetaProgrammingLab\Add.hpp(17,38): message : see reference to class template instantiation 'Add<-327,335>' being compiled
C:\Users\Mikael\source\Repos\MetaProgramingLab\MetaProgrammingLab\Add.hpp(17,38): message : see reference to class template instantiation 'Add<-326,334>' being compiled
C:\Users\Mikael\source\Repos\MetaProgramingLab\MetaProgrammingLab\Add.hpp(17,38): message : see reference to class template instantiation 'Add<-325,333>' being compiled
C:\Users\Mikael\source\Repos\MetaProgramingLab\MetaProgrammingLab\Add.hpp(17,38): message : see reference to class template instantiation 'Add<-324,332>' being compiled
C:\Users\Mikael\source\Repos\MetaProgramingLab\MetaProgrammingLab\Add.hpp(17,38): message : see reference to class template instantiation 'Add<-323,331>' being compiled
C:\Users\Mikael\source\Repos\MetaProgramingLab\MetaProgrammingLab\Add.hpp(17,38): message : see reference to class template instantiation 'Add<-322,330>' being compiled
C:\Users\Mikael\source\Repos\MetaProgramingLab\MetaProgrammingLab\Add.hpp(17,38): message : see reference to class template instantiation 'Add<-321,329>' being compiled
C:\Users\Mikael\source\Repos\MetaProgramingLab\MetaProgrammingLab\Add.hpp(17,38): message : see reference to class template instantiation 'Add<-320,328>' being compiled
C:\Users\Mikael\source\Repos\MetaProgramingLab\MetaProgrammingLab\Add.hpp(17,38): message : see reference to class template instantiation 'Add<-319,327>' being compiled
C:\Users\Mikael\source\Repos\MetaProgramingLab\MetaProgrammingLab\Add.hpp(17,38): message : see reference to class template instantiation 'Add<-318,326>' being compiled
C:\Users\Mikael\source\Repos\MetaProgramingLab\MetaProgrammingLab\Add.hpp(17,38): message : see reference to class template instantiation 'Add<-317,325>' being compiled
C:\Users\Mikael\source\Repos\MetaProgramingLab\MetaProgrammingLab\Add.hpp(17,38): message : see reference to class template instantiation 'Add<-316,324>' being compiled
C:\Users\Mikael\source\Repos\MetaProgramingLab\MetaProgrammingLab\Add.hpp(17,38): message : see reference to class template instantiation 'Add<-315,323>' being compiled
C:\Users\Mikael\source\Repos\MetaProgramingLab\MetaProgrammingLab\Add.hpp(17,38): message : see reference to class template instantiation 'Add<-314,322>' being compiled
C:\Users\Mikael\source\Repos\MetaProgramingLab\MetaProgrammingLab\Add.hpp(17,38): message : see reference to class template instantiation 'Add<-313,321>' being compiled
C:\Users\Mikael\source\Repos\MetaProgramingLab\MetaProgrammingLab\Add.hpp(17,38): message : see reference to class template instantiation 'Add<-312,320>' being compiled
C:\Users\Mikael\source\Repos\MetaProgramingLab\MetaProgrammingLab\Add.hpp(17,38): message : see reference to class template instantiation 'Add<-311,319>' being compiled
C:\Users\Mikael\source\Repos\MetaProgramingLab\MetaProgrammingLab\Add.hpp(17,38): message : see reference to class template instantiation 'Add<-310,318>' being compiled
C:\Users\Mikael\source\Repos\MetaProgramingLab\MetaProgrammingLab\Add.hpp(17,38): message : see reference to class template instantiation 'Add<-309,317>' being compiled
C:\Users\Mikael\source\Repos\MetaProgramingLab\MetaProgrammingLab\Add.hpp(17,38): message : see reference to class template instantiation 'Add<-308,316>' being compiled
C:\Users\Mikael\source\Repos\MetaProgramingLab\MetaProgrammingLab\Add.hpp(17,38): message : see reference to class template instantiation 'Add<-307,315>' being compiled
C:\Users\Mikael\source\Repos\MetaProgramingLab\MetaProgrammingLab\Add.hpp(17,38): message : see reference to class template instantiation 'Add<-306,314>' being compiled
C:\Users\Mikael\source\Repos\MetaProgramingLab\MetaProgrammingLab\Add.hpp(17,38): message : see reference to class template instantiation 'Add<-305,313>' being compiled
C:\Users\Mikael\source\Repos\MetaProgramingLab\MetaProgrammingLab\Add.hpp(17,38): message : see reference to class template instantiation 'Add<-304,312>' being compiled
C:\Users\Mikael\source\Repos\MetaProgramingLab\MetaProgrammingLab\Add.hpp(17,38): message : see reference to class template instantiation 'Add<-303,311>' being compiled
C:\Users\Mikael\source\Repos\MetaProgramingLab\MetaProgrammingLab\Add.hpp(17,38): message : see reference to class template instantiation 'Add<-302,310>' being compiled
C:\Users\Mikael\source\Repos\MetaProgramingLab\MetaProgrammingLab\Add.hpp(17,38): message : see reference to class template instantiation 'Add<-301,309>' being compiled
C:\Users\Mikael\source\Repos\MetaProgramingLab\MetaProgrammingLab\Add.hpp(17,38): message : see reference to class template instantiation 'Add<-300,308>' being compiled
C:\Users\Mikael\source\Repos\MetaProgramingLab\MetaProgrammingLab\Add.hpp(17,38): message : see reference to class template instantiation 'Add<-299,307>' being compiled
C:\Users\Mikael\source\Repos\MetaProgramingLab\MetaProgrammingLab\Add.hpp(17,38): message : see reference to class template instantiation 'Add<-298,306>' being compiled
C:\Users\Mikael\source\Repos\MetaProgramingLab\MetaProgrammingLab\Add.hpp(17,38): message : see reference to class template instantiation 'Add<-297,305>' being compiled
C:\Users\Mikael\source\Repos\MetaProgramingLab\MetaProgrammingLab\Add.hpp(17,38): message : see reference to class template instantiation 'Add<-296,304>' being compiled
C:\Users\Mikael\source\Repos\MetaProgramingLab\MetaProgrammingLab\Add.hpp(17,38): message : see reference to class template instantiation 'Add<-295,303>' being compiled
C:\Users\Mikael\source\Repos\MetaProgramingLab\MetaProgrammingLab\Add.hpp(17,38): message : see reference to class template instantiation 'Add<-294,302>' being compiled
C:\Users\Mikael\source\Repos\MetaProgramingLab\MetaProgrammingLab\Add.hpp(17,38): message : see reference to class template instantiation 'Add<-293,301>' being compiled
C:\Users\Mikael\source\Repos\MetaProgramingLab\MetaProgrammingLab\Add.hpp(17,38): message : see reference to class template instantiation 'Add<-292,300>' being compiled
C:\Users\Mikael\source\Repos\MetaProgramingLab\MetaProgrammingLab\Add.hpp(17,38): message : see reference to class template instantiation 'Add<-291,299>' being compiled
C:\Users\Mikael\source\Repos\MetaProgramingLab\MetaProgrammingLab\Add.hpp(17,38): message : see reference to class template instantiation 'Add<-290,298>' being compiled
C:\Users\Mikael\source\Repos\MetaProgramingLab\MetaProgrammingLab\Add.hpp(17,38): message : see reference to class template instantiation 'Add<-289,297>' being compiled
C:\Users\Mikael\source\Repos\MetaProgramingLab\MetaProgrammingLab\Add.hpp(17,38): message : see reference to class template instantiation 'Add<-288,296>' being compiled
C:\Users\Mikael\source\Repos\MetaProgramingLab\MetaProgrammingLab\Add.hpp(17,38): message : see reference to class template instantiation 'Add<-287,295>' being compiled
C:\Users\Mikael\source\Repos\MetaProgramingLab\MetaProgrammingLab\Add.hpp(17,38): message : see reference to class template instantiation 'Add<-286,294>' being compiled
C:\Users\Mikael\source\Repos\MetaProgramingLab\MetaProgrammingLab\Add.hpp(17,38): message : see reference to class template instantiation 'Add<-285,293>' being compiled
C:\Users\Mikael\source\Repos\MetaProgramingLab\MetaProgrammingLab\Add.hpp(17,38): message : see reference to class template instantiation 'Add<-284,292>' being compiled
C:\Users\Mikael\source\Repos\MetaProgramingLab\MetaProgrammingLab\Add.hpp(17,38): message : see reference to class template instantiation 'Add<-283,291>' being compiled
C:\Users\Mikael\source\Repos\MetaProgramingLab\MetaProgrammingLab\Add.hpp(17,38): message : see reference to class template instantiation 'Add<-282,290>' being compiled
C:\Users\Mikael\source\Repos\MetaProgramingLab\MetaProgrammingLab\Add.hpp(17,38): message : see reference to class template instantiation 'Add<-281,289>' being compiled
C:\Users\Mikael\source\Repos\MetaProgramingLab\MetaProgrammingLab\Add.hpp(17,38): message : see reference to class template instantiation 'Add<-280,288>' being compiled
C:\Users\Mikael\source\Repos\MetaProgramingLab\MetaProgrammingLab\Add.hpp(17,38): message : see reference to class template instantiation 'Add<-279,287>' being compiled
C:\Users\Mikael\source\Repos\MetaProgramingLab\MetaProgrammingLab\Add.hpp(17,38): message : see reference to class template instantiation 'Add<-278,286>' being compiled
C:\Users\Mikael\source\Repos\MetaProgramingLab\MetaProgrammingLab\Add.hpp(17,38): message : see reference to class template instantiation 'Add<-277,285>' being compiled
C:\Users\Mikael\source\Repos\MetaProgramingLab\MetaProgrammingLab\Add.hpp(17,38): message : see reference to class template instantiation 'Add<-276,284>' being compiled
C:\Users\Mikael\source\Repos\MetaProgramingLab\MetaProgrammingLab\Add.hpp(17,38): message : see reference to class template instantiation 'Add<-275,283>' being compiled
C:\Users\Mikael\source\Repos\MetaProgramingLab\MetaProgrammingLab\Add.hpp(17,38): message : see reference to class template instantiation 'Add<-274,282>' being compiled
C:\Users\Mikael\source\Repos\MetaProgramingLab\MetaProgrammingLab\Add.hpp(17,38): message : see reference to class template instantiation 'Add<-273,281>' being compiled
C:\Users\Mikael\source\Repos\MetaProgramingLab\MetaProgrammingLab\Add.hpp(17,38): message : see reference to class template instantiation 'Add<-272,280>' being compiled
C:\Users\Mikael\source\Repos\MetaProgramingLab\MetaProgrammingLab\Add.hpp(17,38): message : see reference to class template instantiation 'Add<-271,279>' being compiled
C:\Users\Mikael\source\Repos\MetaProgramingLab\MetaProgrammingLab\Add.hpp(17,38): message : see reference to class template instantiation 'Add<-270,278>' being compiled
C:\Users\Mikael\source\Repos\MetaProgramingLab\MetaProgrammingLab\Add.hpp(17,38): message : see reference to class template instantiation 'Add<-269,277>' being compiled
C:\Users\Mikael\source\Repos\MetaProgramingLab\MetaProgrammingLab\Add.hpp(17,38): message : see reference to class template instantiation 'Add<-268,276>' being compiled
C:\Users\Mikael\source\Repos\MetaProgramingLab\MetaProgrammingLab\Add.hpp(17,38): message : see reference to class template instantiation 'Add<-267,275>' being compiled
C:\Users\Mikael\source\Repos\MetaProgramingLab\MetaProgrammingLab\Add.hpp(17,38): message : see reference to class template instantiation 'Add<-266,274>' being compiled
C:\Users\Mikael\source\Repos\MetaProgramingLab\MetaProgrammingLab\Add.hpp(17,38): message : see reference to class template instantiation 'Add<-265,273>' being compiled
C:\Users\Mikael\source\Repos\MetaProgramingLab\MetaProgrammingLab\Add.hpp(17,38): message : see reference to class template instantiation 'Add<-264,272>' being compiled
C:\Users\Mikael\source\Repos\MetaProgramingLab\MetaProgrammingLab\Add.hpp(17,38): message : see reference to class template instantiation 'Add<-263,271>' being compiled
C:\Users\Mikael\source\Repos\MetaProgramingLab\MetaProgrammingLab\Add.hpp(17,38): message : see reference to class template instantiation 'Add<-262,270>' being compiled
C:\Users\Mikael\source\Repos\MetaProgramingLab\MetaProgrammingLab\Add.hpp(17,38): message : see reference to class template instantiation 'Add<-261,269>' being compiled
C:\Users\Mikael\source\Repos\MetaProgramingLab\MetaProgrammingLab\Add.hpp(17,38): message : see reference to class template instantiation 'Add<-260,268>' being compiled
C:\Users\Mikael\source\Repos\MetaProgramingLab\MetaProgrammingLab\Add.hpp(17,38): message : see reference to class template instantiation 'Add<-259,267>' being compiled
C:\Users\Mikael\source\Repos\MetaProgramingLab\MetaProgrammingLab\Add.hpp(17,38): message : see reference to class template instantiation 'Add<-258,266>' being compiled
C:\Users\Mikael\source\Repos\MetaProgramingLab\MetaProgrammingLab\Add.hpp(17,38): message : see reference to class template instantiation 'Add<-257,265>' being compiled
C:\Users\Mikael\source\Repos\MetaProgramingLab\MetaProgrammingLab\Add.hpp(17,38): message : see reference to class template instantiation 'Add<-256,264>' being compiled
C:\Users\Mikael\source\Repos\MetaProgramingLab\MetaProgrammingLab\Add.hpp(17,38): message : see reference to class template instantiation 'Add<-255,263>' being compiled
C:\Users\Mikael\source\Repos\MetaProgramingLab\MetaProgrammingLab\Add.hpp(17,38): message : see reference to class template instantiation 'Add<-254,262>' being compiled
C:\Users\Mikael\source\Repos\MetaProgramingLab\MetaProgrammingLab\Add.hpp(17,38): message : see reference to class template instantiation 'Add<-253,261>' being compiled
C:\Users\Mikael\source\Repos\MetaProgramingLab\MetaProgrammingLab\Add.hpp(17,38): message : see reference to class template instantiation 'Add<-252,260>' being compiled
C:\Users\Mikael\source\Repos\MetaProgramingLab\MetaProgrammingLab\Add.hpp(17,38): message : see reference to class template instantiation 'Add<-251,259>' being compiled
C:\Users\Mikael\source\Repos\MetaProgramingLab\MetaProgrammingLab\Add.hpp(17,38): message : see reference to class template instantiation 'Add<-250,258>' being compiled
C:\Users\Mikael\source\Repos\MetaProgramingLab\MetaProgrammingLab\Add.hpp(17,38): message : see reference to class template instantiation 'Add<-249,257>' being compiled
C:\Users\Mikael\source\Repos\MetaProgramingLab\MetaProgrammingLab\Add.hpp(17,38): message : see reference to class template instantiation 'Add<-248,256>' being compiled
C:\Users\Mikael\source\Repos\MetaProgramingLab\MetaProgrammingLab\Add.hpp(17,38): message : see reference to class template instantiation 'Add<-247,255>' being compiled
C:\Users\Mikael\source\Repos\MetaProgramingLab\MetaProgrammingLab\Add.hpp(17,38): message : see reference to class template instantiation 'Add<-246,254>' being compiled
C:\Users\Mikael\source\Repos\MetaProgramingLab\MetaProgrammingLab\Add.hpp(17,38): message : see reference to class template instantiation 'Add<-245,253>' being compiled
C:\Users\Mikael\source\Repos\MetaProgramingLab\MetaProgrammingLab\Add.hpp(17,38): message : see reference to class template instantiation 'Add<-244,252>' being compiled
C:\Users\Mikael\source\Repos\MetaProgramingLab\MetaProgrammingLab\Add.hpp(17,38): message : see reference to class template instantiation 'Add<-243,251>' being compiled
C:\Users\Mikael\source\Repos\MetaProgramingLab\MetaProgrammingLab\Add.hpp(17,38): message : see reference to class template instantiation 'Add<-242,250>' being compiled
C:\Users\Mikael\source\Repos\MetaProgramingLab\MetaProgrammingLab\Add.hpp(17,38): message : see reference to class template instantiation 'Add<-241,249>' being compiled
C:\Users\Mikael\source\Repos\MetaProgramingLab\MetaProgrammingLab\Add.hpp(17,38): message : see reference to class template instantiation 'Add<-240,248>' being compiled
C:\Users\Mikael\source\Repos\MetaProgramingLab\MetaProgrammingLab\Add.hpp(17,38): message : see reference to class template instantiation 'Add<-239,247>' being compiled
C:\Users\Mikael\source\Repos\MetaProgramingLab\MetaProgrammingLab\Add.hpp(17,38): message : see reference to class template instantiation 'Add<-238,246>' being compiled
C:\Users\Mikael\source\Repos\MetaProgramingLab\MetaProgrammingLab\Add.hpp(17,38): message : see reference to class template instantiation 'Add<-237,245>' being compiled
C:\Users\Mikael\source\Repos\MetaProgramingLab\MetaProgrammingLab\Add.hpp(17,38): message : see reference to class template instantiation 'Add<-236,244>' being compiled
C:\Users\Mikael\source\Repos\MetaProgramingLab\MetaProgrammingLab\Add.hpp(17,38): message : see reference to class template instantiation 'Add<-235,243>' being compiled
C:\Users\Mikael\source\Repos\MetaProgramingLab\MetaProgrammingLab\Add.hpp(17,38): message : see reference to class template instantiation 'Add<-234,242>' being compiled
C:\Users\Mikael\source\Repos\MetaProgramingLab\MetaProgrammingLab\Add.hpp(17,38): message : see reference to class template instantiation 'Add<-233,241>' being compiled
C:\Users\Mikael\source\Repos\MetaProgramingLab\MetaProgrammingLab\Add.hpp(17,38): message : see reference to class template instantiation 'Add<-232,240>' being compiled
C:\Users\Mikael\source\Repos\MetaProgramingLab\MetaProgrammingLab\Add.hpp(17,38): message : see reference to class template instantiation 'Add<-231,239>' being compiled
C:\Users\Mikael\source\Repos\MetaProgramingLab\MetaProgrammingLab\Add.hpp(17,38): message : see reference to class template instantiation 'Add<-230,238>' being compiled
C:\Users\Mikael\source\Repos\MetaProgramingLab\MetaProgrammingLab\Add.hpp(17,38): message : see reference to class template instantiation 'Add<-229,237>' being compiled
C:\Users\Mikael\source\Repos\MetaProgramingLab\MetaProgrammingLab\Add.hpp(17,38): message : see reference to class template instantiation 'Add<-228,236>' being compiled
C:\Users\Mikael\source\Repos\MetaProgramingLab\MetaProgrammingLab\Add.hpp(17,38): message : see reference to class template instantiation 'Add<-227,235>' being compiled
C:\Users\Mikael\source\Repos\MetaProgramingLab\MetaProgrammingLab\Add.hpp(17,38): message : see reference to class template instantiation 'Add<-226,234>' being compiled
C:\Users\Mikael\source\Repos\MetaProgramingLab\MetaProgrammingLab\Add.hpp(17,38): message : see reference to class template instantiation 'Add<-225,233>' being compiled
C:\Users\Mikael\source\Repos\MetaProgramingLab\MetaProgrammingLab\Add.hpp(17,38): message : see reference to class template instantiation 'Add<-224,232>' being compiled
C:\Users\Mikael\source\Repos\MetaProgramingLab\MetaProgrammingLab\Add.hpp(17,38): message : see reference to class template instantiation 'Add<-223,231>' being compiled
C:\Users\Mikael\source\Repos\MetaProgramingLab\MetaProgrammingLab\Add.hpp(17,38): message : see reference to class template instantiation 'Add<-222,230>' being compiled
C:\Users\Mikael\source\Repos\MetaProgramingLab\MetaProgrammingLab\Add.hpp(17,38): message : see reference to class template instantiation 'Add<-221,229>' being compiled
C:\Users\Mikael\source\Repos\MetaProgramingLab\MetaProgrammingLab\Add.hpp(17,38): message : see reference to class template instantiation 'Add<-220,228>' being compiled
C:\Users\Mikael\source\Repos\MetaProgramingLab\MetaProgrammingLab\Add.hpp(17,38): message : see reference to class template instantiation 'Add<-219,227>' being compiled
C:\Users\Mikael\source\Repos\MetaProgramingLab\MetaProgrammingLab\Add.hpp(17,38): message : see reference to class template instantiation 'Add<-218,226>' being compiled
C:\Users\Mikael\source\Repos\MetaProgramingLab\MetaProgrammingLab\Add.hpp(17,38): message : see reference to class template instantiation 'Add<-217,225>' being compiled
C:\Users\Mikael\source\Repos\MetaProgramingLab\MetaProgrammingLab\Add.hpp(17,38): message : see reference to class template instantiation 'Add<-216,224>' being compiled
C:\Users\Mikael\source\Repos\MetaProgramingLab\MetaProgrammingLab\Add.hpp(17,38): message : see reference to class template instantiation 'Add<-215,223>' being compiled
C:\Users\Mikael\source\Repos\MetaProgramingLab\MetaProgrammingLab\Add.hpp(17,38): message : see reference to class template instantiation 'Add<-214,222>' being compiled
C:\Users\Mikael\source\Repos\MetaProgramingLab\MetaProgrammingLab\Add.hpp(17,38): message : see reference to class template instantiation 'Add<-213,221>' being compiled
C:\Users\Mikael\source\Repos\MetaProgramingLab\MetaProgrammingLab\Add.hpp(17,38): message : see reference to class template instantiation 'Add<-212,220>' being compiled
C:\Users\Mikael\source\Repos\MetaProgramingLab\MetaProgrammingLab\Add.hpp(17,38): message : see reference to class template instantiation 'Add<-211,219>' being compiled
C:\Users\Mikael\source\Repos\MetaProgramingLab\MetaProgrammingLab\Add.hpp(17,38): message : see reference to class template instantiation 'Add<-210,218>' being compiled
C:\Users\Mikael\source\Repos\MetaProgramingLab\MetaProgrammingLab\Add.hpp(17,38): message : see reference to class template instantiation 'Add<-209,217>' being compiled
C:\Users\Mikael\source\Repos\MetaProgramingLab\MetaProgrammingLab\Add.hpp(17,38): message : see reference to class template instantiation 'Add<-208,216>' being compiled
C:\Users\Mikael\source\Repos\MetaProgramingLab\MetaProgrammingLab\Add.hpp(17,38): message : see reference to class template instantiation 'Add<-207,215>' being compiled
C:\Users\Mikael\source\Repos\MetaProgramingLab\MetaProgrammingLab\Add.hpp(17,38): message : see reference to class template instantiation 'Add<-206,214>' being compiled
C:\Users\Mikael\source\Repos\MetaProgramingLab\MetaProgrammingLab\Add.hpp(17,38): message : see reference to class template instantiation 'Add<-205,213>' being compiled
C:\Users\Mikael\source\Repos\MetaProgramingLab\MetaProgrammingLab\Add.hpp(17,38): message : see reference to class template instantiation 'Add<-204,212>' being compiled
C:\Users\Mikael\source\Repos\MetaProgramingLab\MetaProgrammingLab\Add.hpp(17,38): message : see reference to class template instantiation 'Add<-203,211>' being compiled
C:\Users\Mikael\source\Repos\MetaProgramingLab\MetaProgrammingLab\Add.hpp(17,38): message : see reference to class template instantiation 'Add<-202,210>' being compiled
C:\Users\Mikael\source\Repos\MetaProgramingLab\MetaProgrammingLab\Add.hpp(17,38): message : see reference to class template instantiation 'Add<-201,209>' being compiled
C:\Users\Mikael\source\Repos\MetaProgramingLab\MetaProgrammingLab\Add.hpp(17,38): message : see reference to class template instantiation 'Add<-200,208>' being compiled
C:\Users\Mikael\source\Repos\MetaProgramingLab\MetaProgrammingLab\Add.hpp(17,38): message : see reference to class template instantiation 'Add<-199,207>' being compiled
C:\Users\Mikael\source\Repos\MetaProgramingLab\MetaProgrammingLab\Add.hpp(17,38): message : see reference to class template instantiation 'Add<-198,206>' being compiled
C:\Users\Mikael\source\Repos\MetaProgramingLab\MetaProgrammingLab\Add.hpp(17,38): message : see reference to class template instantiation 'Add<-197,205>' being compiled
C:\Users\Mikael\source\Repos\MetaProgramingLab\MetaProgrammingLab\Add.hpp(17,38): message : see reference to class template instantiation 'Add<-196,204>' being compiled
C:\Users\Mikael\source\Repos\MetaProgramingLab\MetaProgrammingLab\Add.hpp(17,38): message : see reference to class template instantiation 'Add<-195,203>' being compiled
C:\Users\Mikael\source\Repos\MetaProgramingLab\MetaProgrammingLab\Add.hpp(17,38): message : see reference to class template instantiation 'Add<-194,202>' being compiled
C:\Users\Mikael\source\Repos\MetaProgramingLab\MetaProgrammingLab\Add.hpp(17,38): message : see reference to class template instantiation 'Add<-193,201>' being compiled
C:\Users\Mikael\source\Repos\MetaProgramingLab\MetaProgrammingLab\Add.hpp(17,38): message : see reference to class template instantiation 'Add<-192,200>' being compiled
C:\Users\Mikael\source\Repos\MetaProgramingLab\MetaProgrammingLab\Add.hpp(17,38): message : see reference to class template instantiation 'Add<-191,199>' being compiled
C:\Users\Mikael\source\Repos\MetaProgramingLab\MetaProgrammingLab\Add.hpp(17,38): message : see reference to class template instantiation 'Add<-190,198>' being compiled
C:\Users\Mikael\source\Repos\MetaProgramingLab\MetaProgrammingLab\Add.hpp(17,38): message : see reference to class template instantiation 'Add<-189,197>' being compiled
C:\Users\Mikael\source\Repos\MetaProgramingLab\MetaProgrammingLab\Add.hpp(17,38): message : see reference to class template instantiation 'Add<-188,196>' being compiled
C:\Users\Mikael\source\Repos\MetaProgramingLab\MetaProgrammingLab\Add.hpp(17,38): message : see reference to class template instantiation 'Add<-187,195>' being compiled
C:\Users\Mikael\source\Repos\MetaProgramingLab\MetaProgrammingLab\Add.hpp(17,38): message : see reference to class template instantiation 'Add<-186,194>' being compiled
C:\Users\Mikael\source\Repos\MetaProgramingLab\MetaProgrammingLab\Add.hpp(17,38): message : see reference to class template instantiation 'Add<-185,193>' being compiled
C:\Users\Mikael\source\Repos\MetaProgramingLab\MetaProgrammingLab\Add.hpp(17,38): message : see reference to class template instantiation 'Add<-184,192>' being compiled
C:\Users\Mikael\source\Repos\MetaProgramingLab\MetaProgrammingLab\Add.hpp(17,38): message : see reference to class template instantiation 'Add<-183,191>' being compiled
C:\Users\Mikael\source\Repos\MetaProgramingLab\MetaProgrammingLab\Add.hpp(17,38): message : see reference to class template instantiation 'Add<-182,190>' being compiled
C:\Users\Mikael\source\Repos\MetaProgramingLab\MetaProgrammingLab\Add.hpp(17,38): message : see reference to class template instantiation 'Add<-181,189>' being compiled
C:\Users\Mikael\source\Repos\MetaProgramingLab\MetaProgrammingLab\Add.hpp(17,38): message : see reference to class template instantiation 'Add<-180,188>' being compiled
C:\Users\Mikael\source\Repos\MetaProgramingLab\MetaProgrammingLab\Add.hpp(17,38): message : see reference to class template instantiation 'Add<-179,187>' being compiled
C:\Users\Mikael\source\Repos\MetaProgramingLab\MetaProgrammingLab\Add.hpp(17,38): message : see reference to class template instantiation 'Add<-178,186>' being compiled
C:\Users\Mikael\source\Repos\MetaProgramingLab\MetaProgrammingLab\Add.hpp(17,38): message : see reference to class template instantiation 'Add<-177,185>' being compiled
C:\Users\Mikael\source\Repos\MetaProgramingLab\MetaProgrammingLab\Add.hpp(17,38): message : see reference to class template instantiation 'Add<-176,184>' being compiled
C:\Users\Mikael\source\Repos\MetaProgramingLab\MetaProgrammingLab\Add.hpp(17,38): message : see reference to class template instantiation 'Add<-175,183>' being compiled
C:\Users\Mikael\source\Repos\MetaProgramingLab\MetaProgrammingLab\Add.hpp(17,38): message : see reference to class template instantiation 'Add<-174,182>' being compiled
C:\Users\Mikael\source\Repos\MetaProgramingLab\MetaProgrammingLab\Add.hpp(17,38): message : see reference to class template instantiation 'Add<-173,181>' being compiled
C:\Users\Mikael\source\Repos\MetaProgramingLab\MetaProgrammingLab\Add.hpp(17,38): message : see reference to class template instantiation 'Add<-172,180>' being compiled
C:\Users\Mikael\source\Repos\MetaProgramingLab\MetaProgrammingLab\Add.hpp(17,38): message : see reference to class template instantiation 'Add<-171,179>' being compiled
C:\Users\Mikael\source\Repos\MetaProgramingLab\MetaProgrammingLab\Add.hpp(17,38): message : see reference to class template instantiation 'Add<-170,178>' being compiled
C:\Users\Mikael\source\Repos\MetaProgramingLab\MetaProgrammingLab\Add.hpp(17,38): message : see reference to class template instantiation 'Add<-169,177>' being compiled
C:\Users\Mikael\source\Repos\MetaProgramingLab\MetaProgrammingLab\Add.hpp(17,38): message : see reference to class template instantiation 'Add<-168,176>' being compiled
C:\Users\Mikael\source\Repos\MetaProgramingLab\MetaProgrammingLab\Add.hpp(17,38): message : see reference to class template instantiation 'Add<-167,175>' being compiled
C:\Users\Mikael\source\Repos\MetaProgramingLab\MetaProgrammingLab\Add.hpp(17,38): message : see reference to class template instantiation 'Add<-166,174>' being compiled
C:\Users\Mikael\source\Repos\MetaProgramingLab\MetaProgrammingLab\Add.hpp(17,38): message : see reference to class template instantiation 'Add<-165,173>' being compiled
C:\Users\Mikael\source\Repos\MetaProgramingLab\MetaProgrammingLab\Add.hpp(17,38): message : see reference to class template instantiation 'Add<-164,172>' being compiled
C:\Users\Mikael\source\Repos\MetaProgramingLab\MetaProgrammingLab\Add.hpp(17,38): message : see reference to class template instantiation 'Add<-163,171>' being compiled
C:\Users\Mikael\source\Repos\MetaProgramingLab\MetaProgrammingLab\Add.hpp(17,38): message : see reference to class template instantiation 'Add<-162,170>' being compiled
C:\Users\Mikael\source\Repos\MetaProgramingLab\MetaProgrammingLab\Add.hpp(17,38): message : see reference to class template instantiation 'Add<-161,169>' being compiled
C:\Users\Mikael\source\Repos\MetaProgramingLab\MetaProgrammingLab\Add.hpp(17,38): message : see reference to class template instantiation 'Add<-160,168>' being compiled
C:\Users\Mikael\source\Repos\MetaProgramingLab\MetaProgrammingLab\Add.hpp(17,38): message : see reference to class template instantiation 'Add<-159,167>' being compiled
C:\Users\Mikael\source\Repos\MetaProgramingLab\MetaProgrammingLab\Add.hpp(17,38): message : see reference to class template instantiation 'Add<-158,166>' being compiled
C:\Users\Mikael\source\Repos\MetaProgramingLab\MetaProgrammingLab\Add.hpp(17,38): message : see reference to class template instantiation 'Add<-157,165>' being compiled
C:\Users\Mikael\source\Repos\MetaProgramingLab\MetaProgrammingLab\Add.hpp(17,38): message : see reference to class template instantiation 'Add<-156,164>' being compiled
C:\Users\Mikael\source\Repos\MetaProgramingLab\MetaProgrammingLab\Add.hpp(17,38): message : see reference to class template instantiation 'Add<-155,163>' being compiled
C:\Users\Mikael\source\Repos\MetaProgramingLab\MetaProgrammingLab\Add.hpp(17,38): message : see reference to class template instantiation 'Add<-154,162>' being compiled
C:\Users\Mikael\source\Repos\MetaProgramingLab\MetaProgrammingLab\Add.hpp(17,38): message : see reference to class template instantiation 'Add<-153,161>' being compiled
C:\Users\Mikael\source\Repos\MetaProgramingLab\MetaProgrammingLab\Add.hpp(17,38): message : see reference to class template instantiation 'Add<-152,160>' being compiled
C:\Users\Mikael\source\Repos\MetaProgramingLab\MetaProgrammingLab\Add.hpp(17,38): message : see reference to class template instantiation 'Add<-151,159>' being compiled
C:\Users\Mikael\source\Repos\MetaProgramingLab\MetaProgrammingLab\Add.hpp(17,38): message : see reference to class template instantiation 'Add<-150,158>' being compiled
C:\Users\Mikael\source\Repos\MetaProgramingLab\MetaProgrammingLab\Add.hpp(17,38): message : see reference to class template instantiation 'Add<-149,157>' being compiled
C:\Users\Mikael\source\Repos\MetaProgramingLab\MetaProgrammingLab\Add.hpp(17,38): message : see reference to class template instantiation 'Add<-148,156>' being compiled
C:\Users\Mikael\source\Repos\MetaProgramingLab\MetaProgrammingLab\Add.hpp(17,38): message : see reference to class template instantiation 'Add<-147,155>' being compiled
C:\Users\Mikael\source\Repos\MetaProgramingLab\MetaProgrammingLab\Add.hpp(17,38): message : see reference to class template instantiation 'Add<-146,154>' being compiled
C:\Users\Mikael\source\Repos\MetaProgramingLab\MetaProgrammingLab\Add.hpp(17,38): message : see reference to class template instantiation 'Add<-145,153>' being compiled
C:\Users\Mikael\source\Repos\MetaProgramingLab\MetaProgrammingLab\Add.hpp(17,38): message : see reference to class template instantiation 'Add<-144,152>' being compiled
C:\Users\Mikael\source\Repos\MetaProgramingLab\MetaProgrammingLab\Add.hpp(17,38): message : see reference to class template instantiation 'Add<-143,151>' being compiled
C:\Users\Mikael\source\Repos\MetaProgramingLab\MetaProgrammingLab\Add.hpp(17,38): message : see reference to class template instantiation 'Add<-142,150>' being compiled
C:\Users\Mikael\source\Repos\MetaProgramingLab\MetaProgrammingLab\Add.hpp(17,38): message : see reference to class template instantiation 'Add<-141,149>' being compiled
C:\Users\Mikael\source\Repos\MetaProgramingLab\MetaProgrammingLab\Add.hpp(17,38): message : see reference to class template instantiation 'Add<-140,148>' being compiled
C:\Users\Mikael\source\Repos\MetaProgramingLab\MetaProgrammingLab\Add.hpp(17,38): message : see reference to class template instantiation 'Add<-139,147>' being compiled
C:\Users\Mikael\source\Repos\MetaProgramingLab\MetaProgrammingLab\Add.hpp(17,38): message : see reference to class template instantiation 'Add<-138,146>' being compiled
C:\Users\Mikael\source\Repos\MetaProgramingLab\MetaProgrammingLab\Add.hpp(17,38): message : see reference to class template instantiation 'Add<-137,145>' being compiled
C:\Users\Mikael\source\Repos\MetaProgramingLab\MetaProgrammingLab\Add.hpp(17,38): message : see reference to class template instantiation 'Add<-136,144>' being compiled
C:\Users\Mikael\source\Repos\MetaProgramingLab\MetaProgrammingLab\Add.hpp(17,38): message : see reference to class template instantiation 'Add<-135,143>' being compiled
C:\Users\Mikael\source\Repos\MetaProgramingLab\MetaProgrammingLab\Add.hpp(17,38): message : see reference to class template instantiation 'Add<-134,142>' being compiled
C:\Users\Mikael\source\Repos\MetaProgramingLab\MetaProgrammingLab\Add.hpp(17,38): message : see reference to class template instantiation 'Add<-133,141>' being compiled
C:\Users\Mikael\source\Repos\MetaProgramingLab\MetaProgrammingLab\Add.hpp(17,38): message : see reference to class template instantiation 'Add<-132,140>' being compiled
C:\Users\Mikael\source\Repos\MetaProgramingLab\MetaProgrammingLab\Add.hpp(17,38): message : see reference to class template instantiation 'Add<-131,139>' being compiled
C:\Users\Mikael\source\Repos\MetaProgramingLab\MetaProgrammingLab\Add.hpp(17,38): message : see reference to class template instantiation 'Add<-130,138>' being compiled
C:\Users\Mikael\source\Repos\MetaProgramingLab\MetaProgrammingLab\Add.hpp(17,38): message : see reference to class template instantiation 'Add<-129,137>' being compiled
C:\Users\Mikael\source\Repos\MetaProgramingLab\MetaProgrammingLab\Add.hpp(17,38): message : see reference to class template instantiation 'Add<-128,136>' being compiled
C:\Users\Mikael\source\Repos\MetaProgramingLab\MetaProgrammingLab\Add.hpp(17,38): message : see reference to class template instantiation 'Add<-127,135>' being compiled
C:\Users\Mikael\source\Repos\MetaProgramingLab\MetaProgrammingLab\Add.hpp(17,38): message : see reference to class template instantiation 'Add<-126,134>' being compiled
C:\Users\Mikael\source\Repos\MetaProgramingLab\MetaProgrammingLab\Add.hpp(17,38): message : see reference to class template instantiation 'Add<-125,133>' being compiled
C:\Users\Mikael\source\Repos\MetaProgramingLab\MetaProgrammingLab\Add.hpp(17,38): message : see reference to class template instantiation 'Add<-124,132>' being compiled
C:\Users\Mikael\source\Repos\MetaProgramingLab\MetaProgrammingLab\Add.hpp(17,38): message : see reference to class template instantiation 'Add<-123,131>' being compiled
C:\Users\Mikael\source\Repos\MetaProgramingLab\MetaProgrammingLab\Add.hpp(17,38): message : see reference to class template instantiation 'Add<-122,130>' being compiled
C:\Users\Mikael\source\Repos\MetaProgramingLab\MetaProgrammingLab\Add.hpp(17,38): message : see reference to class template instantiation 'Add<-121,129>' being compiled
C:\Users\Mikael\source\Repos\MetaProgramingLab\MetaProgrammingLab\Add.hpp(17,38): message : see reference to class template instantiation 'Add<-120,128>' being compiled
C:\Users\Mikael\source\Repos\MetaProgramingLab\MetaProgrammingLab\Add.hpp(17,38): message : see reference to class template instantiation 'Add<-119,127>' being compiled
C:\Users\Mikael\source\Repos\MetaProgramingLab\MetaProgrammingLab\Add.hpp(17,38): message : see reference to class template instantiation 'Add<-118,126>' being compiled
C:\Users\Mikael\source\Repos\MetaProgramingLab\MetaProgrammingLab\Add.hpp(17,38): message : see reference to class template instantiation 'Add<-117,125>' being compiled
C:\Users\Mikael\source\Repos\MetaProgramingLab\MetaProgrammingLab\Add.hpp(17,38): message : see reference to class template instantiation 'Add<-116,124>' being compiled
C:\Users\Mikael\source\Repos\MetaProgramingLab\MetaProgrammingLab\Add.hpp(17,38): message : see reference to class template instantiation 'Add<-115,123>' being compiled
C:\Users\Mikael\source\Repos\MetaProgramingLab\MetaProgrammingLab\Add.hpp(17,38): message : see reference to class template instantiation 'Add<-114,122>' being compiled
C:\Users\Mikael\source\Repos\MetaProgramingLab\MetaProgrammingLab\Add.hpp(17,38): message : see reference to class template instantiation 'Add<-113,121>' being compiled
C:\Users\Mikael\source\Repos\MetaProgramingLab\MetaProgrammingLab\Add.hpp(17,38): message : see reference to class template instantiation 'Add<-112,120>' being compiled
C:\Users\Mikael\source\Repos\MetaProgramingLab\MetaProgrammingLab\Add.hpp(17,38): message : see reference to class template instantiation 'Add<-111,119>' being compiled
C:\Users\Mikael\source\Repos\MetaProgramingLab\MetaProgrammingLab\Add.hpp(17,38): message : see reference to class template instantiation 'Add<-110,118>' being compiled
C:\Users\Mikael\source\Repos\MetaProgramingLab\MetaProgrammingLab\Add.hpp(17,38): message : see reference to class template instantiation 'Add<-109,117>' being compiled
C:\Users\Mikael\source\Repos\MetaProgramingLab\MetaProgrammingLab\Add.hpp(17,38): message : see reference to class template instantiation 'Add<-108,116>' being compiled
C:\Users\Mikael\source\Repos\MetaProgramingLab\MetaProgrammingLab\Add.hpp(17,38): message : see reference to class template instantiation 'Add<-107,115>' being compiled
C:\Users\Mikael\source\Repos\MetaProgramingLab\MetaProgrammingLab\Add.hpp(17,38): message : see reference to class template instantiation 'Add<-106,114>' being compiled
C:\Users\Mikael\source\Repos\MetaProgramingLab\MetaProgrammingLab\Add.hpp(17,38): message : see reference to class template instantiation 'Add<-105,113>' being compiled
C:\Users\Mikael\source\Repos\MetaProgramingLab\MetaProgrammingLab\Add.hpp(17,38): message : see reference to class template instantiation 'Add<-104,112>' being compiled
C:\Users\Mikael\source\Repos\MetaProgramingLab\MetaProgrammingLab\Add.hpp(17,38): message : see reference to class template instantiation 'Add<-103,111>' being compiled
C:\Users\Mikael\source\Repos\MetaProgramingLab\MetaProgrammingLab\Add.hpp(17,38): message : see reference to class template instantiation 'Add<-102,110>' being compiled
C:\Users\Mikael\source\Repos\MetaProgramingLab\MetaProgrammingLab\Add.hpp(17,38): message : see reference to class template instantiation 'Add<-101,109>' being compiled
C:\Users\Mikael\source\Repos\MetaProgramingLab\MetaProgrammingLab\Add.hpp(17,38): message : see reference to class template instantiation 'Add<-100,108>' being compiled
C:\Users\Mikael\source\Repos\MetaProgramingLab\MetaProgrammingLab\Add.hpp(17,38): message : see reference to class template instantiation 'Add<-99,107>' being compiled
C:\Users\Mikael\source\Repos\MetaProgramingLab\MetaProgrammingLab\Add.hpp(17,38): message : see reference to class template instantiation 'Add<-98,106>' being compiled
C:\Users\Mikael\source\Repos\MetaProgramingLab\MetaProgrammingLab\Add.hpp(17,38): message : see reference to class template instantiation 'Add<-97,105>' being compiled
C:\Users\Mikael\source\Repos\MetaProgramingLab\MetaProgrammingLab\Add.hpp(17,38): message : see reference to class template instantiation 'Add<-96,104>' being compiled
C:\Users\Mikael\source\Repos\MetaProgramingLab\MetaProgrammingLab\Add.hpp(17,38): message : see reference to class template instantiation 'Add<-95,103>' being compiled
C:\Users\Mikael\source\Repos\MetaProgramingLab\MetaProgrammingLab\Add.hpp(17,38): message : see reference to class template instantiation 'Add<-94,102>' being compiled
C:\Users\Mikael\source\Repos\MetaProgramingLab\MetaProgrammingLab\Add.hpp(17,38): message : see reference to class template instantiation 'Add<-93,101>' being compiled
C:\Users\Mikael\source\Repos\MetaProgramingLab\MetaProgrammingLab\Add.hpp(17,38): message : see reference to class template instantiation 'Add<-92,100>' being compiled
C:\Users\Mikael\source\Repos\MetaProgramingLab\MetaProgrammingLab\Add.hpp(17,38): message : see reference to class template instantiation 'Add<-91,99>' being compiled
C:\Users\Mikael\source\Repos\MetaProgramingLab\MetaProgrammingLab\Add.hpp(17,38): message : see reference to class template instantiation 'Add<-90,98>' being compiled
C:\Users\Mikael\source\Repos\MetaProgramingLab\MetaProgrammingLab\Add.hpp(17,38): message : see reference to class template instantiation 'Add<-89,97>' being compiled
C:\Users\Mikael\source\Repos\MetaProgramingLab\MetaProgrammingLab\Add.hpp(17,38): message : see reference to class template instantiation 'Add<-88,96>' being compiled
C:\Users\Mikael\source\Repos\MetaProgramingLab\MetaProgrammingLab\Add.hpp(17,38): message : see reference to class template instantiation 'Add<-87,95>' being compiled
C:\Users\Mikael\source\Repos\MetaProgramingLab\MetaProgrammingLab\Add.hpp(17,38): message : see reference to class template instantiation 'Add<-86,94>' being compiled
C:\Users\Mikael\source\Repos\MetaProgramingLab\MetaProgrammingLab\Add.hpp(17,38): message : see reference to class template instantiation 'Add<-85,93>' being compiled
C:\Users\Mikael\source\Repos\MetaProgramingLab\MetaProgrammingLab\Add.hpp(17,38): message : see reference to class template instantiation 'Add<-84,92>' being compiled
C:\Users\Mikael\source\Repos\MetaProgramingLab\MetaProgrammingLab\Add.hpp(17,38): message : see reference to class template instantiation 'Add<-83,91>' being compiled
C:\Users\Mikael\source\Repos\MetaProgramingLab\MetaProgrammingLab\Add.hpp(17,38): message : see reference to class template instantiation 'Add<-82,90>' being compiled
C:\Users\Mikael\source\Repos\MetaProgramingLab\MetaProgrammingLab\Add.hpp(17,38): message : see reference to class template instantiation 'Add<-81,89>' being compiled
C:\Users\Mikael\source\Repos\MetaProgramingLab\MetaProgrammingLab\Add.hpp(17,38): message : see reference to class template instantiation 'Add<-80,88>' being compiled
C:\Users\Mikael\source\Repos\MetaProgramingLab\MetaProgrammingLab\Add.hpp(17,38): message : see reference to class template instantiation 'Add<-79,87>' being compiled
C:\Users\Mikael\source\Repos\MetaProgramingLab\MetaProgrammingLab\Add.hpp(17,38): message : see reference to class template instantiation 'Add<-78,86>' being compiled
C:\Users\Mikael\source\Repos\MetaProgramingLab\MetaProgrammingLab\Add.hpp(17,38): message : see reference to class template instantiation 'Add<-77,85>' being compiled
C:\Users\Mikael\source\Repos\MetaProgramingLab\MetaProgrammingLab\Add.hpp(17,38): message : see reference to class template instantiation 'Add<-76,84>' being compiled
C:\Users\Mikael\source\Repos\MetaProgramingLab\MetaProgrammingLab\Add.hpp(17,38): message : see reference to class template instantiation 'Add<-75,83>' being compiled
C:\Users\Mikael\source\Repos\MetaProgramingLab\MetaProgrammingLab\Add.hpp(17,38): message : see reference to class template instantiation 'Add<-74,82>' being compiled
C:\Users\Mikael\source\Repos\MetaProgramingLab\MetaProgrammingLab\Add.hpp(17,38): message : see reference to class template instantiation 'Add<-73,81>' being compiled
C:\Users\Mikael\source\Repos\MetaProgramingLab\MetaProgrammingLab\Add.hpp(17,38): message : see reference to class template instantiation 'Add<-72,80>' being compiled
C:\Users\Mikael\source\Repos\MetaProgramingLab\MetaProgrammingLab\Add.hpp(17,38): message : see reference to class template instantiation 'Add<-71,79>' being compiled
C:\Users\Mikael\source\Repos\MetaProgramingLab\MetaProgrammingLab\Add.hpp(17,38): message : see reference to class template instantiation 'Add<-70,78>' being compiled
C:\Users\Mikael\source\Repos\MetaProgramingLab\MetaProgrammingLab\Add.hpp(17,38): message : see reference to class template instantiation 'Add<-69,77>' being compiled
C:\Users\Mikael\source\Repos\MetaProgramingLab\MetaProgrammingLab\Add.hpp(17,38): message : see reference to class template instantiation 'Add<-68,76>' being compiled
C:\Users\Mikael\source\Repos\MetaProgramingLab\MetaProgrammingLab\Add.hpp(17,38): message : see reference to class template instantiation 'Add<-67,75>' being compiled
C:\Users\Mikael\source\Repos\MetaProgramingLab\MetaProgrammingLab\Add.hpp(17,38): message : see reference to class template instantiation 'Add<-66,74>' being compiled
C:\Users\Mikael\source\Repos\MetaProgramingLab\MetaProgrammingLab\Add.hpp(17,38): message : see reference to class template instantiation 'Add<-65,73>' being compiled
C:\Users\Mikael\source\Repos\MetaProgramingLab\MetaProgrammingLab\Add.hpp(17,38): message : see reference to class template instantiation 'Add<-64,72>' being compiled
C:\Users\Mikael\source\Repos\MetaProgramingLab\MetaProgrammingLab\Add.hpp(17,38): message : see reference to class template instantiation 'Add<-63,71>' being compiled
C:\Users\Mikael\source\Repos\MetaProgramingLab\MetaProgrammingLab\Add.hpp(17,38): message : see reference to class template instantiation 'Add<-62,70>' being compiled
C:\Users\Mikael\source\Repos\MetaProgramingLab\MetaProgrammingLab\Add.hpp(17,38): message : see reference to class template instantiation 'Add<-61,69>' being compiled
C:\Users\Mikael\source\Repos\MetaProgramingLab\MetaProgrammingLab\Add.hpp(17,38): message : see reference to class template instantiation 'Add<-60,68>' being compiled
C:\Users\Mikael\source\Repos\MetaProgramingLab\MetaProgrammingLab\Add.hpp(17,38): message : see reference to class template instantiation 'Add<-59,67>' being compiled
C:\Users\Mikael\source\Repos\MetaProgramingLab\MetaProgrammingLab\Add.hpp(17,38): message : see reference to class template instantiation 'Add<-58,66>' being compiled
C:\Users\Mikael\source\Repos\MetaProgramingLab\MetaProgrammingLab\Add.hpp(17,38): message : see reference to class template instantiation 'Add<-57,65>' being compiled
C:\Users\Mikael\source\Repos\MetaProgramingLab\MetaProgrammingLab\Add.hpp(17,38): message : see reference to class template instantiation 'Add<-56,64>' being compiled
C:\Users\Mikael\source\Repos\MetaProgramingLab\MetaProgrammingLab\Add.hpp(17,38): message : see reference to class template instantiation 'Add<-55,63>' being compiled
C:\Users\Mikael\source\Repos\MetaProgramingLab\MetaProgrammingLab\Add.hpp(17,38): message : see reference to class template instantiation 'Add<-54,62>' being compiled
C:\Users\Mikael\source\Repos\MetaProgramingLab\MetaProgrammingLab\Add.hpp(17,38): message : see reference to class template instantiation 'Add<-53,61>' being compiled
C:\Users\Mikael\source\Repos\MetaProgramingLab\MetaProgrammingLab\Add.hpp(17,38): message : see reference to class template instantiation 'Add<-52,60>' being compiled
C:\Users\Mikael\source\Repos\MetaProgramingLab\MetaProgrammingLab\Add.hpp(17,38): message : see reference to class template instantiation 'Add<-51,59>' being compiled
C:\Users\Mikael\source\Repos\MetaProgramingLab\MetaProgrammingLab\Add.hpp(17,38): message : see reference to class template instantiation 'Add<-50,58>' being compiled
C:\Users\Mikael\source\Repos\MetaProgramingLab\MetaProgrammingLab\Add.hpp(17,38): message : see reference to class template instantiation 'Add<-49,57>' being compiled
C:\Users\Mikael\source\Repos\MetaProgramingLab\MetaProgrammingLab\Add.hpp(17,38): message : see reference to class template instantiation 'Add<-48,56>' being compiled
C:\Users\Mikael\source\Repos\MetaProgramingLab\MetaProgrammingLab\Add.hpp(17,38): message : see reference to class template instantiation 'Add<-47,55>' being compiled
C:\Users\Mikael\source\Repos\MetaProgramingLab\MetaProgrammingLab\Add.hpp(17,38): message : see reference to class template instantiation 'Add<-46,54>' being compiled
C:\Users\Mikael\source\Repos\MetaProgramingLab\MetaProgrammingLab\Add.hpp(17,38): message : see reference to class template instantiation 'Add<-45,53>' being compiled
C:\Users\Mikael\source\Repos\MetaProgramingLab\MetaProgrammingLab\Add.hpp(17,38): message : see reference to class template instantiation 'Add<-44,52>' being compiled
C:\Users\Mikael\source\Repos\MetaProgramingLab\MetaProgrammingLab\Add.hpp(17,38): message : see reference to class template instantiation 'Add<-43,51>' being compiled
C:\Users\Mikael\source\Repos\MetaProgramingLab\MetaProgrammingLab\Add.hpp(17,38): message : see reference to class template instantiation 'Add<-42,50>' being compiled
C:\Users\Mikael\source\Repos\MetaProgramingLab\MetaProgrammingLab\Add.hpp(17,38): message : see reference to class template instantiation 'Add<-41,49>' being compiled
C:\Users\Mikael\source\Repos\MetaProgramingLab\MetaProgrammingLab\Add.hpp(17,38): message : see reference to class template instantiation 'Add<-40,48>' being compiled
C:\Users\Mikael\source\Repos\MetaProgramingLab\MetaProgrammingLab\Add.hpp(17,38): message : see reference to class template instantiation 'Add<-39,47>' being compiled
C:\Users\Mikael\source\Repos\MetaProgramingLab\MetaProgrammingLab\Add.hpp(17,38): message : see reference to class template instantiation 'Add<-38,46>' being compiled
C:\Users\Mikael\source\Repos\MetaProgramingLab\MetaProgrammingLab\Add.hpp(17,38): message : see reference to class template instantiation 'Add<-37,45>' being compiled
C:\Users\Mikael\source\Repos\MetaProgramingLab\MetaProgrammingLab\Add.hpp(17,38): message : see reference to class template instantiation 'Add<-36,44>' being compiled
C:\Users\Mikael\source\Repos\MetaProgramingLab\MetaProgrammingLab\Add.hpp(17,38): message : see reference to class template instantiation 'Add<-35,43>' being compiled
C:\Users\Mikael\source\Repos\MetaProgramingLab\MetaProgrammingLab\Add.hpp(17,38): message : see reference to class template instantiation 'Add<-34,42>' being compiled
C:\Users\Mikael\source\Repos\MetaProgramingLab\MetaProgrammingLab\Add.hpp(17,38): message : see reference to class template instantiation 'Add<-33,41>' being compiled
C:\Users\Mikael\source\Repos\MetaProgramingLab\MetaProgrammingLab\Add.hpp(17,38): message : see reference to class template instantiation 'Add<-32,40>' being compiled
C:\Users\Mikael\source\Repos\MetaProgramingLab\MetaProgrammingLab\Add.hpp(17,38): message : see reference to class template instantiation 'Add<-31,39>' being compiled
C:\Users\Mikael\source\Repos\MetaProgramingLab\MetaProgrammingLab\Add.hpp(17,38): message : see reference to class template instantiation 'Add<-30,38>' being compiled
C:\Users\Mikael\source\Repos\MetaProgramingLab\MetaProgrammingLab\Add.hpp(17,38): message : see reference to class template instantiation 'Add<-29,37>' being compiled
C:\Users\Mikael\source\Repos\MetaProgramingLab\MetaProgrammingLab\Add.hpp(17,38): message : see reference to class template instantiation 'Add<-28,36>' being compiled
C:\Users\Mikael\source\Repos\MetaProgramingLab\MetaProgrammingLab\Add.hpp(17,38): message : see reference to class template instantiation 'Add<-27,35>' being compiled
C:\Users\Mikael\source\Repos\MetaProgramingLab\MetaProgrammingLab\Add.hpp(17,38): message : see reference to class template instantiation 'Add<-26,34>' being compiled
C:\Users\Mikael\source\Repos\MetaProgramingLab\MetaProgrammingLab\Add.hpp(17,38): message : see reference to class template instantiation 'Add<-25,33>' being compiled
C:\Users\Mikael\source\Repos\MetaProgramingLab\MetaProgrammingLab\Add.hpp(17,38): message : see reference to class template instantiation 'Add<-24,32>' being compiled
C:\Users\Mikael\source\Repos\MetaProgramingLab\MetaProgrammingLab\Add.hpp(17,38): message : see reference to class template instantiation 'Add<-23,31>' being compiled
C:\Users\Mikael\source\Repos\MetaProgramingLab\MetaProgrammingLab\Add.hpp(17,38): message : see reference to class template instantiation 'Add<-22,30>' being compiled
C:\Users\Mikael\source\Repos\MetaProgramingLab\MetaProgrammingLab\Add.hpp(17,38): message : see reference to class template instantiation 'Add<-21,29>' being compiled
C:\Users\Mikael\source\Repos\MetaProgramingLab\MetaProgrammingLab\Add.hpp(17,38): message : see reference to class template instantiation 'Add<-20,28>' being compiled
C:\Users\Mikael\source\Repos\MetaProgramingLab\MetaProgrammingLab\Add.hpp(17,38): message : see reference to class template instantiation 'Add<-19,27>' being compiled
C:\Users\Mikael\source\Repos\MetaProgramingLab\MetaProgrammingLab\Add.hpp(17,38): message : see reference to class template instantiation 'Add<-18,26>' being compiled
C:\Users\Mikael\source\Repos\MetaProgramingLab\MetaProgrammingLab\Add.hpp(17,38): message : see reference to class template instantiation 'Add<-17,25>' being compiled
C:\Users\Mikael\source\Repos\MetaProgramingLab\MetaProgrammingLab\Add.hpp(17,38): message : see reference to class template instantiation 'Add<-16,24>' being compiled
C:\Users\Mikael\source\Repos\MetaProgramingLab\MetaProgrammingLab\Add.hpp(17,38): message : see reference to class template instantiation 'Add<-15,23>' being compiled
C:\Users\Mikael\source\Repos\MetaProgramingLab\MetaProgrammingLab\Add.hpp(17,38): message : see reference to class template instantiation 'Add<-14,22>' being compiled
C:\Users\Mikael\source\Repos\MetaProgramingLab\MetaProgrammingLab\Add.hpp(17,38): message : see reference to class template instantiation 'Add<-13,21>' being compiled
C:\Users\Mikael\source\Repos\MetaProgramingLab\MetaProgrammingLab\Add.hpp(17,38): message : see reference to class template instantiation 'Add<-12,20>' being compiled
C:\Users\Mikael\source\Repos\MetaProgramingLab\MetaProgrammingLab\Add.hpp(17,38): message : see reference to class template instantiation 'Add<-11,19>' being compiled
C:\Users\Mikael\source\Repos\MetaProgramingLab\MetaProgrammingLab\Add.hpp(17,38): message : see reference to class template instantiation 'Add<-10,18>' being compiled
C:\Users\Mikael\source\Repos\MetaProgramingLab\MetaProgrammingLab\Add.hpp(17,38): message : see reference to class template instantiation 'Add<-9,17>' being compiled
C:\Users\Mikael\source\Repos\MetaProgramingLab\MetaProgrammingLab\Add.hpp(17,38): message : see reference to class template instantiation 'Add<-8,16>' being compiled
C:\Users\Mikael\source\Repos\MetaProgramingLab\MetaProgrammingLab\Add.hpp(17,38): message : see reference to class template instantiation 'Add<-7,15>' being compiled
C:\Users\Mikael\source\Repos\MetaProgramingLab\MetaProgrammingLab\Add.hpp(17,38): message : see reference to class template instantiation 'Add<-6,14>' being compiled
C:\Users\Mikael\source\Repos\MetaProgramingLab\MetaProgrammingLab\Add.hpp(17,38): message : see reference to class template instantiation 'Add<-5,13>' being compiled
C:\Users\Mikael\source\Repos\MetaProgramingLab\MetaProgrammingLab\Add.hpp(17,38): message : see reference to class template instantiation 'Add<-4,12>' being compiled
C:\Users\Mikael\source\Repos\MetaProgramingLab\MetaProgrammingLab\Add.hpp(17,38): message : see reference to class template instantiation 'Add<-3,11>' being compiled
C:\Users\Mikael\source\Repos\MetaProgramingLab\MetaProgrammingLab\Add.hpp(17,38): message : see reference to class template instantiation 'Add<-2,10>' being compiled
C:\Users\Mikael\source\Repos\MetaProgramingLab\MetaProgrammingLab\Add.hpp(17,38): message : see reference to class template instantiation 'Add<-1,9>' being compiled
C:\Users\Mikael\source\Repos\MetaProgramingLab\MetaProgrammingLab\Add.hpp(17,38): message : see reference to class template instantiation 'Add<0,8>' being compiled
C:\Users\Mikael\source\Repos\MetaProgramingLab\MetaProgrammingLab\Add.hpp(17,38): message : see reference to class template instantiation 'Add<1,7>' being compiled
C:\Users\Mikael\source\Repos\MetaProgramingLab\MetaProgrammingLab\Add.hpp(17,38): message : see reference to class template instantiation 'Add<2,6>' being compiled
C:\Users\Mikael\source\Repos\MetaProgramingLab\MetaProgrammingLab\MetaProgrammingLab.cpp(10,29): message : see reference to class template instantiation 'Add<3,5>' being compiled
  Add.hpp
  Generating Code...
